2025-10-16T23:28:25.9929788,STF4,login
2025-10-16T23:28:25.9989799,STF4,add resident Chris
2025-10-16T23:28:26.0029757,STF7,login
2025-10-16T23:28:26.0149922,STF10,login
2025-10-16T23:28:26.0269863,STF16,login
2025-10-16T23:28:26.0319847,STF19,login
2025-10-16T23:28:26.0329823,STF19,add resident Bob
2025-10-16T23:28:26.0349788,STF19,allocate (isolation) Bob to W1-B1
2025-10-16T23:28:26.038992,STF22,login
2025-10-16T23:28:26.038992,STF22,add resident David
2025-10-16T23:28:26.0399901,STF22,allocate David to W1-B4
2025-10-16T23:28:26.0399901,STF24,login
2025-10-16T23:28:26.0459926,STF25,login
2025-10-16T23:28:26.0459926,STF25,create nurse newnurse
2025-10-16T23:28:26.0469892,STF25,update password STF28
2025-10-16T23:28:26.0469892,STF28,login
2025-10-16T23:28:26.0535283,STF29,login
2025-10-16T23:28:26.0545617,STF29,create nurse testnurse
2025-10-16T23:28:26.0545617,STF29,assign shift STF32 MONDAY 00:00-10:00
2025-10-16T23:28:26.0605419,STF33,login
2025-10-16T23:28:26.0605419,STF33,add resident Alice
2025-10-16T23:28:26.0605419,STF33,allocate Alice to W1-B4
2025-10-16T23:28:26.0635433,STF36,login
2025-10-16T23:28:26.0635433,STF36,add resident Eve
2025-10-16T23:28:26.0635433,STF36,allocate Eve to W1-B4
2025-10-16T23:28:26.0735421,STF36,discharge Eve
2025-10-16T23:31:41.5745763,STF4,login
2025-10-16T23:31:41.5795568,STF4,add resident Chris
2025-10-16T23:31:41.584556,STF7,login
2025-10-16T23:31:41.6037052,STF13,login
2025-10-16T23:31:41.6065622,STF16,login
2025-10-16T23:31:41.6065622,STF16,add resident Bob
2025-10-16T23:31:41.6085648,STF16,allocate (isolation) Bob to W1-B1
2025-10-16T23:31:41.6140887,STF19,login
2025-10-16T23:31:41.6140887,STF19,create nurse newnurse
2025-10-16T23:31:41.6140887,STF19,update password STF22
2025-10-16T23:31:41.6150874,STF22,login
2025-10-16T23:31:41.6200893,STF23,login
2025-10-16T23:31:41.6200893,STF23,create nurse testnurse
2025-10-16T23:31:41.6210905,STF23,assign shift STF26 MONDAY 00:00-10:00
2025-10-16T23:31:41.62809,STF27,login
2025-10-16T23:31:41.629088,STF27,add resident Alice
2025-10-16T23:31:41.6301033,STF27,allocate Alice to W1-B4
2025-10-16T23:31:41.634088,STF30,login
2025-10-16T23:31:41.6350878,STF30,add resident Eve
2025-10-16T23:31:41.6350878,STF30,allocate Eve to W1-B4
2025-10-16T23:31:41.6410858,STF30,discharge Eve
2025-10-16T23:34:04.4919614,STF1,login
2025-10-16T23:39:37.2206479,STF1,login
2025-10-16T23:40:08.8797973,STF31,login
2025-10-16T23:40:50.7908825,STF1,login
2025-10-16T23:42:22.2302344,STF2,login
2025-10-16T23:45:32.6763363,STF1,login
